#
# There is insufficient memory for the Java Runtime Environment to continue.
# Native memory allocation (mmap) failed to map 106954752 bytes for G1 virtual space
# Possible reasons:
#   The system is out of physical RAM or swap space
#   The process is running with CompressedOops enabled, and the Java Heap may be blocking the growth of the native heap
# Possible solutions:
#   Reduce memory load on the system
#   Increase physical memory or swap space
#   Check if swap backing store is full
#   Decrease Java heap size (-Xmx/-Xms)
#   Decrease number of Java threads
#   Decrease Java thread stack sizes (-Xss)
#   Set larger code cache with -XX:ReservedCodeCacheSize=
#   JVM is running with Zero Based Compressed Oops mode in which the Java heap is
#     placed in the first 32GB address space. The Java Heap base address is the
#     maximum limit for the native heap growth. Please use -XX:HeapBaseMinAddress
#     to set the Java Heap base and to place the Java Heap above 32GB virtual address.
# This output file may be truncated or incomplete.
#
#  Out of Memory Error (os_windows.cpp:3536), pid=9316, tid=22536
#
# JRE version: Java(TM) SE Runtime Environment (19.0.2+7) (build 19.0.2+7-44)
# Java VM: Java HotSpot(TM) 64-Bit Server VM (19.0.2+7-44, mixed mode, sharing, tiered, compressed oops, compressed class ptrs, g1 gc, windows-amd64)
# No core dump will be written. Minidumps are not enabled by default on client versions of Windows
#

---------------  S U M M A R Y ------------

Command Line: -javaagent:C:\Program Files\JetBrains\IntelliJ IDEA Community Edition 2022.3.1\lib\idea_rt.jar=50794:C:\Program Files\JetBrains\IntelliJ IDEA Community Edition 2022.3.1\bin -Dfile.encoding=UTF-8 -Dsun.stdout.encoding=UTF-8 -Dsun.stderr.encoding=UTF-8 com.learn.kafka.LibraryEventProducerApplication

Host: 11th Gen Intel(R) Core(TM) i5-1135G7 @ 2.40GHz, 8 cores, 15G,  Windows 11 , 64 bit Build 22621 (10.0.22621.1194)
Time: Tue Apr 18 13:36:44 2023 India Standard Time elapsed time: 71.721742 seconds (0d 0h 1m 11s)

---------------  T H R E A D  ---------------

Current thread (0x000002000f2ae420):  VMThread "VM Thread" [stack: 0x0000008fa8200000,0x0000008fa8300000] [id=22536]

Stack: [0x0000008fa8200000,0x0000008fa8300000]
Native frames: (J=compiled Java code, j=interpreted, Vv=VM code, C=native code)
V  [jvm.dll+0x6ee21a]
V  [jvm.dll+0x85765e]
V  [jvm.dll+0x85904e]
V  [jvm.dll+0x859703]
V  [jvm.dll+0x28298f]
V  [jvm.dll+0x6eb009]
V  [jvm.dll+0x6dfbaa]
V  [jvm.dll+0x3573f6]
V  [jvm.dll+0x35ee56]
V  [jvm.dll+0x3b541e]
V  [jvm.dll+0x3b564f]
V  [jvm.dll+0x32c9ea]
V  [jvm.dll+0x32ca97]
V  [jvm.dll+0x374cd2]
V  [jvm.dll+0x37340f]
V  [jvm.dll+0x32c210]
V  [jvm.dll+0x3729ab]
V  [jvm.dll+0x85ebc3]
V  [jvm.dll+0x85f989]
V  [jvm.dll+0x85febd]
V  [jvm.dll+0x86034b]
V  [jvm.dll+0x860407]
V  [jvm.dll+0x80125a]
V  [jvm.dll+0x6ecf0b]
C  [ucrtbase.dll+0x29363]
C  [KERNEL32.DLL+0x126bd]
C  [ntdll.dll+0x5dfb8]

VM_Operation (0x0000008fa9efbd00): G1CollectForAllocation, mode: safepoint, requested by thread 0x00000200135d3130


---------------  P R O C E S S  ---------------

Threads class SMR info:
_java_thread_list=0x0000020016c01f40, length=29, elements={
0x000002000f2c7b00, 0x000002000f2c87d0, 0x000002000f2ce670, 0x000002000f2d10a0,
0x000002000f2d2400, 0x000002000f2d4e30, 0x000002000f2d7ec0, 0x000002000f2d9910,
0x000002000f2daa60, 0x00000200135d2690, 0x00000200135d5110, 0x00000200135d3bd0,
0x00000200135d4120, 0x00000200135d2be0, 0x00000200135d4670, 0x00000200135d4bc0,
0x00000200135d3130, 0x00000200135d3680, 0x0000020015e9bd00, 0x0000020015e997d0,
0x0000020015e9ad10, 0x0000020015e96800, 0x0000020015e9c250, 0x0000020015e99d20,
0x0000020015e94d70, 0x0000020015e99280, 0x0000020015e952c0, 0x0000020015e96d50,
0x0000020014626260
}

Java Threads: ( => current thread )
  0x000002000f2c7b00 JavaThread "Reference Handler" daemon [_thread_blocked, id=16236, stack(0x0000008fa8300000,0x0000008fa8400000)]
  0x000002000f2c87d0 JavaThread "Finalizer" daemon [_thread_blocked, id=9656, stack(0x0000008fa8400000,0x0000008fa8500000)]
  0x000002000f2ce670 JavaThread "Signal Dispatcher" daemon [_thread_blocked, id=10800, stack(0x0000008fa8500000,0x0000008fa8600000)]
  0x000002000f2d10a0 JavaThread "Attach Listener" daemon [_thread_blocked, id=10852, stack(0x0000008fa8600000,0x0000008fa8700000)]
  0x000002000f2d2400 JavaThread "Service Thread" daemon [_thread_blocked, id=8628, stack(0x0000008fa8700000,0x0000008fa8800000)]
  0x000002000f2d4e30 JavaThread "Monitor Deflation Thread" daemon [_thread_blocked, id=22388, stack(0x0000008fa8800000,0x0000008fa8900000)]
  0x000002000f2d7ec0 JavaThread "C2 CompilerThread0" daemon [_thread_blocked, id=12040, stack(0x0000008fa8900000,0x0000008fa8a00000)]
  0x000002000f2d9910 JavaThread "C1 CompilerThread0" daemon [_thread_blocked, id=15424, stack(0x0000008fa8a00000,0x0000008fa8b00000)]
  0x000002000f2daa60 JavaThread "Sweeper thread" daemon [_thread_blocked, id=10516, stack(0x0000008fa8b00000,0x0000008fa8c00000)]
  0x00000200135d2690 JavaThread "Common-Cleaner" daemon [_thread_blocked, id=15684, stack(0x0000008fa8c00000,0x0000008fa8d00000)]
  0x00000200135d5110 JavaThread "Monitor Ctrl-Break" daemon [_thread_in_native, id=9172, stack(0x0000008fa8e00000,0x0000008fa8f00000)]
  0x00000200135d3bd0 JavaThread "Notification Thread" daemon [_thread_blocked, id=22856, stack(0x0000008fa8f00000,0x0000008fa9000000)]
  0x00000200135d4120 JavaThread "Catalina-utility-1" [_thread_blocked, id=5536, stack(0x0000008fa9a00000,0x0000008fa9b00000)]
  0x00000200135d2be0 JavaThread "Catalina-utility-2" [_thread_blocked, id=14732, stack(0x0000008fa9b00000,0x0000008fa9c00000)]
  0x00000200135d4670 JavaThread "container-0" [_thread_blocked, id=25100, stack(0x0000008fa9c00000,0x0000008fa9d00000)]
  0x00000200135d4bc0 JavaThread "http-nio-8080-exec-1" daemon [_thread_blocked, id=7888, stack(0x0000008fa9d00000,0x0000008fa9e00000)]
  0x00000200135d3130 JavaThread "http-nio-8080-exec-2" daemon [_thread_blocked, id=10756, stack(0x0000008fa9e00000,0x0000008fa9f00000)]
  0x00000200135d3680 JavaThread "http-nio-8080-exec-3" daemon [_thread_blocked, id=17660, stack(0x0000008fa9f00000,0x0000008faa000000)]
  0x0000020015e9bd00 JavaThread "http-nio-8080-exec-4" daemon [_thread_blocked, id=4664, stack(0x0000008faa000000,0x0000008faa100000)]
  0x0000020015e997d0 JavaThread "http-nio-8080-exec-5" daemon [_thread_blocked, id=20264, stack(0x0000008faa100000,0x0000008faa200000)]
  0x0000020015e9ad10 JavaThread "http-nio-8080-exec-6" daemon [_thread_blocked, id=20084, stack(0x0000008faa200000,0x0000008faa300000)]
  0x0000020015e96800 JavaThread "http-nio-8080-exec-7" daemon [_thread_blocked, id=12076, stack(0x0000008faa300000,0x0000008faa400000)]
  0x0000020015e9c250 JavaThread "http-nio-8080-exec-8" daemon [_thread_blocked, id=7464, stack(0x0000008faa400000,0x0000008faa500000)]
  0x0000020015e99d20 JavaThread "http-nio-8080-exec-9" daemon [_thread_blocked, id=6164, stack(0x0000008faa500000,0x0000008faa600000)]
  0x0000020015e94d70 JavaThread "http-nio-8080-exec-10" daemon [_thread_blocked, id=11312, stack(0x0000008faa600000,0x0000008faa700000)]
  0x0000020015e99280 JavaThread "http-nio-8080-Poller" daemon [_thread_in_native, id=14780, stack(0x0000008faa700000,0x0000008faa800000)]
  0x0000020015e952c0 JavaThread "http-nio-8080-Acceptor" daemon [_thread_in_native, id=19400, stack(0x0000008faa800000,0x0000008faa900000)]
  0x0000020015e96d50 JavaThread "DestroyJavaVM" [_thread_blocked, id=13392, stack(0x0000008fa7c00000,0x0000008fa7d00000)]
  0x0000020014626260 JavaThread "C2 CompilerThread1" daemon [_thread_blocked, id=18208, stack(0x0000008fa7900000,0x0000008fa7a00000)]

Other Threads:
=>0x000002000f2ae420 VMThread "VM Thread" [stack: 0x0000008fa8200000,0x0000008fa8300000] [id=22536]
  0x000002001385ac70 WatcherThread "VM Periodic Task Thread" [stack: 0x0000008fa9000000,0x0000008fa9100000] [id=11300]
  0x000002006c061ed0 WorkerThread "GC Thread#0" [stack: 0x0000008fa7d00000,0x0000008fa7e00000] [id=12884]
  0x000002001408b5f0 WorkerThread "GC Thread#1" [stack: 0x0000008fa9100000,0x0000008fa9200000] [id=7856]
  0x000002001408b8c0 WorkerThread "GC Thread#2" [stack: 0x0000008fa9200000,0x0000008fa9300000] [id=25456]
  0x000002001408c1a0 WorkerThread "GC Thread#3" [stack: 0x0000008fa9300000,0x0000008fa9400000] [id=732]
  0x000002001408ca80 WorkerThread "GC Thread#4" [stack: 0x0000008fa9400000,0x0000008fa9500000] [id=13884]
  0x000002001425ec50 WorkerThread "GC Thread#5" [stack: 0x0000008fa9500000,0x0000008fa9600000] [id=3304]
  0x000002001425f4c0 WorkerThread "GC Thread#6" [stack: 0x0000008fa9600000,0x0000008fa9700000] [id=7884]
  0x000002001425fd30 WorkerThread "GC Thread#7" [stack: 0x0000008fa9700000,0x0000008fa9800000] [id=10840]
  0x000002006c072d00 ConcurrentGCThread "G1 Main Marker" [stack: 0x0000008fa7e00000,0x0000008fa7f00000] [id=4480]
  0x000002006c073730 WorkerThread "G1 Conc#0" [stack: 0x0000008fa7f00000,0x0000008fa8000000] [id=18596]
  0x000002001425e980 WorkerThread "G1 Conc#1" [stack: 0x0000008fa9900000,0x0000008fa9a00000] [id=4128]
  0x000002006c0ae920 ConcurrentGCThread "G1 Refine#0" [stack: 0x0000008fa8000000,0x0000008fa8100000] [id=11704]
  0x000002000f1679d0 ConcurrentGCThread "G1 Service" [stack: 0x0000008fa8100000,0x0000008fa8200000] [id=12400]

Threads with active compile tasks:
C2 CompilerThread0    71756 3759   !   4       org.springframework.beans.factory.support.DefaultSingletonBeanRegistry::getSingleton (147 bytes)

VM state: at safepoint (normal execution)

VM Mutex/Monitor currently owned by a thread:  ([mutex/lock_event])
[0x000002006bfee0a0] Threads_lock - owner thread: 0x000002000f2ae420
[0x000002006bfecd80] Heap_lock - owner thread: 0x00000200135d3130

Heap address: 0x0000000704200000, size: 4030 MB, Compressed Oops mode: Zero based, Oop shift amount: 3

CDS archive(s) mapped at: [0x0000000800000000-0x0000000800c40000-0x0000000800c40000), size 12845056, SharedBaseAddress: 0x0000000800000000, ArchiveRelocationMode: 0.
Compressed class space mapped at: 0x0000000801000000-0x0000000841000000, reserved size: 1073741824
Narrow klass base: 0x0000000800000000, Narrow klass shift: 0, Narrow klass range: 0x100000000

GC Precious Log:
 CardTable entry size: 512
 Card Set container configuration: InlinePtr #cards 4 size 8 Array Of Cards #cards 16 size 48 Howl #buckets 8 coarsen threshold 3686 Howl Bitmap #cards 512 size 80 coarsen threshold 460 Card regions per heap region 1 cards per card region 4096
 CPUs: 8 total, 8 available
 Memory: 16112M
 Large Page Support: Disabled
 NUMA Support: Disabled
 Compressed Oops: Enabled (Zero based)
 Heap Region Size: 2M
 Heap Min Capacity: 8M
 Heap Initial Capacity: 252M
 Heap Max Capacity: 4030M
 Pre-touch: Disabled
 Parallel Workers: 8
 Concurrent Workers: 2
 Concurrent Refinement Workers: 8
 Periodic GC: Disabled

Heap:
 garbage-first heap   total 49152K, used 14799K [0x0000000704200000, 0x0000000800000000)
  region size 2048K, 1 young (2048K), 1 survivors (2048K)
 Metaspace       used 30057K, committed 30656K, reserved 1114112K
  class space    used 3668K, committed 3968K, reserved 1048576K

Heap Regions: E=young(eden), S=young(survivor), O=old, HS=humongous(starts), HC=humongous(continues), CS=collection set, F=free, OA=open archive, CA=closed archive, TAMS=top-at-mark-start (previous, next)
|   0|0x0000000704200000, 0x0000000704400000, 0x0000000704400000|100%| O|  |TAMS 0x0000000704400000, 0x0000000704200000| Untracked 
|   1|0x0000000704400000, 0x0000000704600000, 0x0000000704600000|100%| O|  |TAMS 0x0000000704600000, 0x0000000704400000| Untracked 
|   2|0x0000000704600000, 0x0000000704600000, 0x0000000704800000|  0%| F|  |TAMS 0x0000000704600000, 0x0000000704600000| Untracked 
|   3|0x0000000704800000, 0x0000000704a00000, 0x0000000704a00000|100%| O|  |TAMS 0x0000000704800000, 0x0000000704800000| Untracked 
|   4|0x0000000704a00000, 0x0000000704c00000, 0x0000000704c00000|100%| O|  |TAMS 0x0000000704a00000, 0x0000000704a00000| Untracked 
|   5|0x0000000704c00000, 0x0000000704e00000, 0x0000000704e00000|100%| O|  |TAMS 0x0000000704c00000, 0x0000000704c00000| Untracked 
|   6|0x0000000704e00000, 0x0000000705000000, 0x0000000705000000|100%| O|  |TAMS 0x0000000704e00000, 0x0000000704e00000| Untracked 
|   7|0x0000000705000000, 0x00000007050aa400, 0x0000000705200000| 33%| O|  |TAMS 0x0000000705000000, 0x0000000705000000| Untracked 
|   8|0x0000000705200000, 0x0000000705200000, 0x0000000705400000|  0%| F|  |TAMS 0x0000000705200000, 0x0000000705200000| Untracked 
|   9|0x0000000705400000, 0x0000000705400000, 0x0000000705600000|  0%| F|  |TAMS 0x0000000705400000, 0x0000000705400000| Untracked 
|  10|0x0000000705600000, 0x0000000705600000, 0x0000000705800000|  0%| F|  |TAMS 0x0000000705600000, 0x0000000705600000| Untracked 
|  11|0x0000000705800000, 0x0000000705800000, 0x0000000705a00000|  0%| F|  |TAMS 0x0000000705800000, 0x0000000705800000| Untracked 
|  12|0x0000000705a00000, 0x0000000705a00000, 0x0000000705c00000|  0%| F|  |TAMS 0x0000000705a00000, 0x0000000705a00000| Untracked 
|  13|0x0000000705c00000, 0x0000000705c00000, 0x0000000705e00000|  0%| F|  |TAMS 0x0000000705c00000, 0x0000000705c00000| Untracked 
|  14|0x0000000705e00000, 0x0000000705fc9898, 0x0000000706000000| 89%| S|CS|TAMS 0x0000000705e00000, 0x0000000705e00000| Complete 
|  15|0x0000000706000000, 0x0000000706000000, 0x0000000706200000|  0%| F|  |TAMS 0x0000000706000000, 0x0000000706000000| Untracked 
|  16|0x0000000706200000, 0x0000000706200000, 0x0000000706400000|  0%| F|  |TAMS 0x0000000706200000, 0x0000000706200000| Untracked 
|  17|0x0000000706400000, 0x0000000706400000, 0x0000000706600000|  0%| F|  |TAMS 0x0000000706400000, 0x0000000706400000| Untracked 
|  18|0x0000000706600000, 0x0000000706600000, 0x0000000706800000|  0%| F|  |TAMS 0x0000000706600000, 0x0000000706600000| Untracked 
|  19|0x0000000706800000, 0x0000000706800000, 0x0000000706a00000|  0%| F|  |TAMS 0x0000000706800000, 0x0000000706800000| Untracked 
| 104|0x0000000711200000, 0x0000000711200000, 0x0000000711400000|  0%| F|  |TAMS 0x0000000711200000, 0x0000000711200000| Untracked 
| 105|0x0000000711400000, 0x0000000711400000, 0x0000000711600000|  0%| F|  |TAMS 0x0000000711400000, 0x0000000711400000| Untracked 
| 106|0x0000000711600000, 0x0000000711600000, 0x0000000711800000|  0%| F|  |TAMS 0x0000000711600000, 0x0000000711600000| Untracked 
| 125|0x0000000713c00000, 0x0000000713c00000, 0x0000000713e00000|  0%| F|  |TAMS 0x0000000713c00000, 0x0000000713c00000| Untracked 

Card table byte_map: [0x0000020074a60000,0x0000020075240000] _byte_map_base: 0x000002007123f000

Marking Bits (Prev, Next): (CMBitMap*) 0x000002006c062540, (CMBitMap*) 0x000002006c062500
 Prev Bits: [0x0000020079920000, 0x000002007d818000)
 Next Bits: [0x0000020075a20000, 0x0000020079918000)

Polling page: 0x0000020069ff0000

Metaspace:

Usage:
  Non-class:     25.77 MB used.
      Class:      3.58 MB used.
       Both:     29.35 MB used.

Virtual space:
  Non-class space:       64.00 MB reserved,      26.06 MB ( 41%) committed,  1 nodes.
      Class space:        1.00 GB reserved,       3.88 MB ( <1%) committed,  1 nodes.
             Both:        1.06 GB reserved,      29.94 MB (  3%) committed. 

Chunk freelists:
   Non-Class:  1.14 MB
       Class:  3.98 MB
        Both:  5.12 MB

MaxMetaspaceSize: unlimited
CompressedClassSpaceSize: 1.00 GB
Initial GC threshold: 21.00 MB
Current GC threshold: 35.12 MB
CDS: on
MetaspaceReclaimPolicy: balanced
 - commit_granule_bytes: 65536.
 - commit_granule_words: 8192.
 - virtual_space_node_default_size: 8388608.
 - enlarge_chunks_in_place: 1.
 - new_chunks_are_fully_committed: 0.
 - uncommit_free_chunks: 1.
 - use_allocation_guard: 0.


Internal statistics:

num_allocs_failed_limit: 3.
num_arena_births: 696.
num_arena_deaths: 0.
num_vsnodes_births: 2.
num_vsnodes_deaths: 0.
num_space_committed: 479.
num_space_uncommitted: 0.
num_chunks_returned_to_freelist: 3.
num_chunks_taken_from_freelist: 1699.
num_chunk_merges: 3.
num_chunk_splits: 1198.
num_chunks_enlarged: 929.
num_inconsistent_stats: 0.

CodeHeap 'non-profiled nmethods': size=120000Kb used=2009Kb max_used=2009Kb free=117990Kb
 bounds [0x0000020007ad0000, 0x0000020007d40000, 0x000002000f000000]
CodeHeap 'profiled nmethods': size=120000Kb used=7683Kb max_used=7683Kb free=112316Kb
 bounds [0x0000020000000000, 0x0000020000790000, 0x0000020007530000]
CodeHeap 'non-nmethods': size=5760Kb used=1343Kb max_used=1391Kb free=4416Kb
 bounds [0x0000020007530000, 0x00000200077a0000, 0x0000020007ad0000]
 total_blobs=4305 nmethods=3764 adapters=448
 compilation: enabled
              stopped_count=0, restarted_count=0
 full_count=0

Compilation events (20 events):
Event: 71.654 Thread 0x000002000f2d9910 3758       3       java.util.concurrent.atomic.AtomicBoolean::get (13 bytes)
Event: 71.654 Thread 0x000002000f2d9910 nmethod 3758 0x000002000077c810 code [0x000002000077c9a0, 0x000002000077cb18]
Event: 71.686 Thread 0x000002000f2d9910 3761       3       org.springframework.core.annotation.AnnotationTypeMapping$MirrorSets$MirrorSet::resolve (245 bytes)
Event: 71.688 Thread 0x000002000f2d9910 nmethod 3761 0x000002000077cb90 code [0x000002000077cf60, 0x000002000077ed28]
Event: 71.688 Thread 0x000002000f2d9910 3762   !   3       jdk.proxy2.$Proxy9::attribute (29 bytes)
Event: 71.688 Thread 0x0000020014626260 3744       4       java.util.HashMap::putVal (300 bytes)
Event: 71.688 Thread 0x000002000f2d9910 nmethod 3762 0x000002000077f890 code [0x000002000077fa60, 0x000002000077fe58]
Event: 71.695 Thread 0x000002000f2d9910 3763       3       java.lang.WeakPairMap$Pair$Lookup::equals (31 bytes)
Event: 71.695 Thread 0x000002000f2d9910 nmethod 3763 0x0000020000780010 code [0x0000020000780200, 0x00000200007808d8]
Event: 71.695 Thread 0x000002000f2d9910 3764       3       jdk.internal.org.objectweb.asm.SymbolTable$Entry::<init> (18 bytes)
Event: 71.695 Thread 0x000002000f2d9910 nmethod 3764 0x0000020000780a10 code [0x0000020000780bc0, 0x0000020000780d48]
Event: 71.699 Thread 0x000002000f2d7ec0 nmethod 3757% 0x0000020007cc2610 code [0x0000020007cc2880, 0x0000020007cc3d60]
Event: 71.699 Thread 0x000002000f2d7ec0 3759   !   4       org.springframework.beans.factory.support.DefaultSingletonBeanRegistry::getSingleton (147 bytes)
Event: 71.702 Thread 0x0000020014626260 nmethod 3744 0x0000020007cc4c10 code [0x0000020007cc4e20, 0x0000020007cc5800]
Event: 71.702 Thread 0x0000020014626260 3760       4       java.lang.String::checkBoundsOffCount (11 bytes)
Event: 71.703 Thread 0x0000020014626260 nmethod 3760 0x0000020007cc5e90 code [0x0000020007cc6020, 0x0000020007cc60d8]
Event: 71.703 Thread 0x0000020014626260 3746       4       java.lang.invoke.MemberName::initResolved (53 bytes)
Event: 71.703 Thread 0x000002000f2d9910 3765       1       org.apache.tomcat.util.http.MimeHeaderField::getName (5 bytes)
Event: 71.703 Thread 0x000002000f2d9910 nmethod 3765 0x0000020007cc6190 code [0x0000020007cc6320, 0x0000020007cc63f8]
Event: 71.703 Thread 0x0000020014626260 nmethod 3746 0x0000020007cc6490 code [0x0000020007cc6600, 0x0000020007cc66d8]

GC Heap History (11 events):
Event: 0.651 GC heap before
{Heap before GC invocations=0 (full 0):
 garbage-first heap   total 258048K, used 22528K [0x0000000704200000, 0x0000000800000000)
  region size 2048K, 11 young (22528K), 0 survivors (0K)
 Metaspace       used 6800K, committed 7040K, reserved 1114112K
  class space    used 788K, committed 896K, reserved 1048576K
}
Event: 0.655 GC heap after
{Heap after GC invocations=1 (full 0):
 garbage-first heap   total 258048K, used 4853K [0x0000000704200000, 0x0000000800000000)
  region size 2048K, 2 young (4096K), 2 survivors (4096K)
 Metaspace       used 6800K, committed 7040K, reserved 1114112K
  class space    used 788K, committed 896K, reserved 1048576K
}
Event: 1.049 GC heap before
{Heap before GC invocations=1 (full 0):
 garbage-first heap   total 258048K, used 33525K [0x0000000704200000, 0x0000000800000000)
  region size 2048K, 17 young (34816K), 2 survivors (4096K)
 Metaspace       used 14977K, committed 15232K, reserved 1114112K
  class space    used 1771K, committed 1856K, reserved 1048576K
}
Event: 1.054 GC heap after
{Heap after GC invocations=2 (full 0):
 garbage-first heap   total 258048K, used 7451K [0x0000000704200000, 0x0000000800000000)
  region size 2048K, 2 young (4096K), 2 survivors (4096K)
 Metaspace       used 14977K, committed 15232K, reserved 1114112K
  class space    used 1771K, committed 1856K, reserved 1048576K
}
Event: 1.999 GC heap before
{Heap before GC invocations=2 (full 0):
 garbage-first heap   total 258048K, used 40219K [0x0000000704200000, 0x0000000800000000)
  region size 2048K, 19 young (38912K), 2 survivors (4096K)
 Metaspace       used 21104K, committed 21504K, reserved 1114112K
  class space    used 2539K, committed 2752K, reserved 1048576K
}
Event: 2.005 GC heap after
{Heap after GC invocations=3 (full 0):
 garbage-first heap   total 258048K, used 10524K [0x0000000704200000, 0x0000000800000000)
  region size 2048K, 3 young (6144K), 3 survivors (6144K)
 Metaspace       used 21104K, committed 21504K, reserved 1114112K
  class space    used 2539K, committed 2752K, reserved 1048576K
}
Event: 2.575 GC heap before
{Heap before GC invocations=4 (full 0):
 garbage-first heap   total 49152K, used 33052K [0x0000000704200000, 0x0000000800000000)
  region size 2048K, 14 young (28672K), 3 survivors (6144K)
 Metaspace       used 26054K, committed 26560K, reserved 1114112K
  class space    used 3143K, committed 3392K, reserved 1048576K
}
Event: 2.583 GC heap after
{Heap after GC invocations=5 (full 0):
 garbage-first heap   total 49152K, used 13335K [0x0000000704200000, 0x0000000800000000)
  region size 2048K, 2 young (4096K), 2 survivors (4096K)
 Metaspace       used 26054K, committed 26560K, reserved 1114112K
  class space    used 3143K, committed 3392K, reserved 1048576K
}
Event: 2.632 GC heap before
{Heap before GC invocations=5 (full 0):
 garbage-first heap   total 49152K, used 15383K [0x0000000704200000, 0x0000000800000000)
  region size 2048K, 3 young (6144K), 2 survivors (4096K)
 Metaspace       used 26312K, committed 26816K, reserved 1114112K
  class space    used 3177K, committed 3456K, reserved 1048576K
}
Event: 2.637 GC heap after
{Heap after GC invocations=6 (full 0):
 garbage-first heap   total 49152K, used 13444K [0x0000000704200000, 0x0000000800000000)
  region size 2048K, 1 young (2048K), 1 survivors (2048K)
 Metaspace       used 26312K, committed 26816K, reserved 1114112K
  class space    used 3177K, committed 3456K, reserved 1048576K
}
Event: 71.715 GC heap before
{Heap before GC invocations=6 (full 0):
 garbage-first heap   total 49152K, used 29828K [0x0000000704200000, 0x0000000800000000)
  region size 2048K, 9 young (18432K), 1 survivors (2048K)
 Metaspace       used 30057K, committed 30656K, reserved 1114112K
  class space    used 3668K, committed 3968K, reserved 1048576K
}

Dll operation events (13 events):
Event: 0.011 Loaded shared library C:\Program Files\Java\jdk-19.0.2\bin\java.dll
Event: 0.025 Loaded shared library C:\Program Files\Java\jdk-19.0.2\bin\jsvml.dll
Event: 0.108 Loaded shared library C:\Program Files\Java\jdk-19.0.2\bin\zip.dll
Event: 0.112 Loaded shared library C:\Program Files\Java\jdk-19.0.2\bin\instrument.dll
Event: 0.117 Loaded shared library C:\Program Files\Java\jdk-19.0.2\bin\net.dll
Event: 0.120 Loaded shared library C:\Program Files\Java\jdk-19.0.2\bin\nio.dll
Event: 0.122 Loaded shared library C:\Program Files\Java\jdk-19.0.2\bin\zip.dll
Event: 0.185 Loaded shared library C:\Program Files\JetBrains\IntelliJ IDEA Community Edition 2022.3.1\bin\breakgen64.dll
Event: 0.193 Loaded shared library C:\Program Files\Java\jdk-19.0.2\bin\extnet.dll
Event: 0.235 Loaded shared library C:\Program Files\Java\jdk-19.0.2\bin\jimage.dll
Event: 2.303 Loaded shared library C:\Program Files\Java\jdk-19.0.2\bin\sunmscapi.dll
Event: 2.308 Loaded shared library C:\Program Files\Java\jdk-19.0.2\bin\management.dll
Event: 2.310 Loaded shared library C:\Program Files\Java\jdk-19.0.2\bin\management_ext.dll

Deoptimization events (20 events):
Event: 2.921 Thread 0x000002006bff1c70 DEOPT PACKING pc=0x0000020007c35960 sp=0x0000008fa7cfdfe0
Event: 2.921 Thread 0x000002006bff1c70 DEOPT UNPACKING pc=0x000002000759a5a3 sp=0x0000008fa7cfded0 mode 2
Event: 2.936 Thread 0x000002006bff1c70 Uncommon trap: trap_request=0xffffff45 fr.pc=0x0000020007b29f80 relative=0x0000000000000060
Event: 2.936 Thread 0x000002006bff1c70 Uncommon trap: reason=unstable_if action=reinterpret pc=0x0000020007b29f80 method=org.springframework.util.ConcurrentReferenceHashMap$Segment.clear()V @ 7 c2
Event: 2.936 Thread 0x000002006bff1c70 DEOPT PACKING pc=0x0000020007b29f80 sp=0x0000008fa7cfea20
Event: 2.936 Thread 0x000002006bff1c70 DEOPT UNPACKING pc=0x000002000759a5a3 sp=0x0000008fa7cfe9b0 mode 2
Event: 71.585 Thread 0x0000020015e99280 Uncommon trap: trap_request=0xffffffde fr.pc=0x0000020007ca8558 relative=0x0000000000000838
Event: 71.585 Thread 0x0000020015e99280 Uncommon trap: reason=class_check action=maybe_recompile pc=0x0000020007ca8558 method=java.util.HashMap.putVal(ILjava/lang/Object;Ljava/lang/Object;ZZ)Ljava/lang/Object; @ 91 c2
Event: 71.585 Thread 0x0000020015e99280 DEOPT PACKING pc=0x0000020007ca8558 sp=0x0000008faa7ff340
Event: 71.585 Thread 0x0000020015e99280 DEOPT UNPACKING pc=0x000002000759a5a3 sp=0x0000008faa7ff2c0 mode 2
Event: 71.585 Thread 0x0000020015e99280 Uncommon trap: trap_request=0xffffffde fr.pc=0x0000020007ca8558 relative=0x0000000000000838
Event: 71.585 Thread 0x0000020015e99280 Uncommon trap: reason=class_check action=maybe_recompile pc=0x0000020007ca8558 method=java.util.HashMap.putVal(ILjava/lang/Object;Ljava/lang/Object;ZZ)Ljava/lang/Object; @ 91 c2
Event: 71.585 Thread 0x0000020015e99280 DEOPT PACKING pc=0x0000020007ca8558 sp=0x0000008faa7ff340
Event: 71.585 Thread 0x0000020015e99280 DEOPT UNPACKING pc=0x000002000759a5a3 sp=0x0000008faa7ff2c0 mode 2
Event: 71.585 Thread 0x00000200135d4bc0 Uncommon trap: trap_request=0xffffffde fr.pc=0x0000020007bb866c relative=0x0000000000000e2c
Event: 71.585 Thread 0x00000200135d4bc0 Uncommon trap: reason=class_check action=maybe_recompile pc=0x0000020007bb866c method=java.util.concurrent.ConcurrentHashMap.putVal(Ljava/lang/Object;Ljava/lang/Object;Z)Ljava/lang/Object; @ 242 c2
Event: 71.585 Thread 0x00000200135d4bc0 DEOPT PACKING pc=0x0000020007bb866c sp=0x0000008fa9dfe240
Event: 71.585 Thread 0x00000200135d4bc0 DEOPT UNPACKING pc=0x000002000759a5a3 sp=0x0000008fa9dfe1c0 mode 2
Event: 71.602 Thread 0x00000200135d3130 DEOPT PACKING pc=0x00000200001104d1 sp=0x0000008fa9efdbf0
Event: 71.602 Thread 0x00000200135d3130 DEOPT UNPACKING pc=0x000002000759b0e3 sp=0x0000008fa9efd0f0 mode 0

Classes loaded (20 events):
Event: 71.622 Loading class sun/nio/cs/ThreadLocalCoders$1
Event: 71.622 Loading class sun/nio/cs/ThreadLocalCoders$Cache
Event: 71.622 Loading class sun/nio/cs/ThreadLocalCoders$Cache done
Event: 71.622 Loading class sun/nio/cs/ThreadLocalCoders$1 done
Event: 71.622 Loading class sun/nio/cs/ThreadLocalCoders$2
Event: 71.622 Loading class sun/nio/cs/ThreadLocalCoders$2 done
Event: 71.622 Loading class sun/nio/cs/ISO_8859_1$Decoder
Event: 71.623 Loading class sun/nio/cs/ISO_8859_1$Decoder done
Event: 71.702 Loading class java/time/format/DateTimeFormatterBuilder$ZoneTextPrinterParser
Event: 71.702 Loading class java/time/format/DateTimeFormatterBuilder$ZoneTextPrinterParser done
Event: 71.702 Loading class java/time/format/DateTimeFormatterBuilder$ReducedPrinterParser
Event: 71.702 Loading class java/time/format/DateTimeFormatterBuilder$ReducedPrinterParser done
Event: 71.705 Loading class java/io/PushbackInputStream
Event: 71.705 Loading class java/io/PushbackInputStream done
Event: 71.707 Loading class java/util/OptionalLong
Event: 71.707 Loading class java/util/OptionalLong done
Event: 71.707 Loading class java/util/OptionalDouble
Event: 71.707 Loading class java/util/OptionalDouble done
Event: 71.715 Loading class org/w3c/dom/Node
Event: 71.715 Loading class org/w3c/dom/Node done

Classes unloaded (0 events):
No events

Classes redefined (0 events):
No events

Internal exceptions (20 events):
Event: 2.050 Thread 0x000002006bff1c70 Exception <a 'java/lang/NoSuchMethodError'{0x00000007068708e8}: 'java.lang.Object java.lang.invoke.DirectMethodHandle$Holder.invokeStaticInit(java.lang.Object, int, int, int, int)'> (0x00000007068708e8) 
thrown [s\open\src\hotspot\share\interpreter\linkResolver.cpp, line 774]
Event: 2.106 Thread 0x000002006bff1c70 Exception <a 'java/lang/NoSuchMethodError'{0x00000007068ac688}: 'java.lang.Object java.lang.invoke.DirectMethodHandle$Holder.invokeStaticInit(java.lang.Object, java.lang.Object, int, int, int, int)'> (0x00000007068ac688) 
thrown [s\open\src\hotspot\share\interpreter\linkResolver.cpp, line 774]
Event: 2.165 Thread 0x000002006bff1c70 Exception <a 'java/lang/NoSuchMethodError'{0x00000007067f2830}: 'int java.lang.invoke.DirectMethodHandle$Holder.invokeVirtual(java.lang.Object, java.lang.Object, java.lang.Object, java.lang.Object)'> (0x00000007067f2830) 
thrown [s\open\src\hotspot\share\interpreter\linkResolver.cpp, line 774]
Event: 2.166 Thread 0x000002006bff1c70 Exception <a 'java/lang/NoSuchMethodError'{0x00000007067f6570}: 'int java.lang.invoke.DelegatingMethodHandle$Holder.reinvoke_L(java.lang.Object, java.lang.Object, java.lang.Object, java.lang.Object)'> (0x00000007067f6570) 
thrown [s\open\src\hotspot\share\interpreter\linkResolver.cpp, line 774]
Event: 2.318 Thread 0x000002006bff1c70 Exception <a 'java/io/FileNotFoundException'{0x00000007060bdbe0}> (0x00000007060bdbe0) 
thrown [s\open\src\hotspot\share\prims\jni.cpp, line 517]
Event: 2.336 Thread 0x000002006bff1c70 Exception <a 'java/lang/NoSuchMethodError'{0x00000007061c1440}: 'int java.lang.invoke.DirectMethodHandle$Holder.invokeInterface(java.lang.Object, java.lang.Object, java.lang.Object, java.lang.Object)'> (0x00000007061c1440) 
thrown [s\open\src\hotspot\share\interpreter\linkResolver.cpp, line 774]
Event: 2.384 Thread 0x000002006bff1c70 Exception <a 'java/lang/NoSuchMethodError'{0x0000000705c76738}: 'long java.lang.invoke.DirectMethodHandle$Holder.invokeVirtual(java.lang.Object, java.lang.Object)'> (0x0000000705c76738) 
thrown [s\open\src\hotspot\share\interpreter\linkResolver.cpp, line 774]
Event: 2.406 Thread 0x000002006bff1c70 Exception <a 'java/lang/NoSuchMethodError'{0x0000000705d5b480}: 'void java.lang.invoke.Invokers$Holder.invokeExact_MT(java.lang.Object, java.lang.Object, java.lang.Object, java.lang.Object)'> (0x0000000705d5b480) 
thrown [s\open\src\hotspot\share\interpreter\linkResolver.cpp, line 774]
Event: 2.584 Thread 0x000002006bff1c70 Exception <a 'java/lang/NoSuchMethodError'{0x0000000713c213f8}: 'java.lang.Object java.lang.invoke.DirectMethodHandle$Holder.newInvokeSpecial(java.lang.Object, java.lang.Object, java.lang.Object, java.lang.Object, java.lang.Object, java.lang.Object, java.lang.Object, java.lang.Object)'> (0x0000000713c213f8) 
thrown [s\open\src\hotspot\share\interpreter\linkResolver.cpp, line 774]
Event: 2.647 Thread 0x000002006bff1c70 Exception <a 'java/lang/NoSuchMethodError'{0x0000000713c56d18}: 'void java.lang.invoke.DirectMethodHandle$Holder.invokeVirtual(java.lang.Object, java.lang.Object, long)'> (0x0000000713c56d18) 
thrown [s\open\src\hotspot\share\interpreter\linkResolver.cpp, line 774]
Event: 2.763 Thread 0x000002006bff1c70 Exception <a 'java/lang/IncompatibleClassChangeError'{0x000000071133b480}: Found class java.lang.Object, but interface was expected> (0x000000071133b480) 
thrown [s\open\src\hotspot\share\interpreter\linkResolver.cpp, line 841]
Event: 2.812 Thread 0x000002006bff1c70 Exception <a 'java/lang/NoSuchMethodError'{0x0000000706880090}: 'int java.lang.invoke.DirectMethodHandle$Holder.invokeStaticInit(java.lang.Object, java.lang.Object, java.lang.Object, java.lang.Object)'> (0x0000000706880090) 
thrown [s\open\src\hotspot\share\interpreter\linkResolver.cpp, line 774]
Event: 2.838 Thread 0x000002006bff1c70 Exception <a 'java/lang/NoSuchMethodError'{0x0000000706950f10}: 'java.lang.Object java.lang.invoke.DirectMethodHandle$Holder.newInvokeSpecial(java.lang.Object, java.lang.Object, java.lang.Object, java.lang.Object, java.lang.Object, java.lang.Object, java.lang.Object, java.lang.Object, java.lang.Object, java.lang.Object, java.lang.Object)'> (0x0000000706950f10) 
thrown [s\open\src\hotspot\share\interpreter\linkResolver.cpp, line 774]
Event: 2.868 Thread 0x000002006bff1c70 Exception <a 'java/lang/NoSuchMethodError'{0x00000007066889b8}: 'void java.lang.invoke.DirectMethodHandle$Holder.invokeVirtual(java.lang.Object, java.lang.Object, float)'> (0x00000007066889b8) 
thrown [s\open\src\hotspot\share\interpreter\linkResolver.cpp, line 774]
Event: 2.904 Thread 0x000002006bff1c70 Exception <a 'java/lang/NoSuchMethodError'{0x0000000706448ca8}: 'java.lang.Object java.lang.invoke.DirectMethodHandle$Holder.newInvokeSpecial(java.lang.Object, java.lang.Object, int, java.lang.Object, java.lang.Object)'> (0x0000000706448ca8) 
thrown [s\open\src\hotspot\share\interpreter\linkResolver.cpp, line 774]
Event: 2.905 Thread 0x000002006bff1c70 Exception <a 'java/lang/NoSuchMethodError'{0x0000000706454578}: 'java.lang.Object java.lang.invoke.DirectMethodHandle$Holder.invokeSpecial(java.lang.Object, java.lang.Object, int, java.lang.Object, int, java.lang.Object)'> (0x0000000706454578) 
thrown [s\open\src\hotspot\share\interpreter\linkResolver.cpp, line 774]
Event: 2.905 Thread 0x000002006bff1c70 Exception <a 'java/lang/NoSuchMethodError'{0x000000070645c360}: 'java.lang.Object java.lang.invoke.DirectMethodHandle$Holder.newInvokeSpecial(java.lang.Object, java.lang.Object, int, java.lang.Object, int)'> (0x000000070645c360) 
thrown [s\open\src\hotspot\share\interpreter\linkResolver.cpp, line 774]
Event: 2.906 Thread 0x000002006bff1c70 Exception <a 'java/lang/NoSuchMethodError'{0x0000000706460478}: 'java.lang.Object java.lang.invoke.DirectMethodHandle$Holder.invokeSpecial(java.lang.Object, java.lang.Object, java.lang.Object, int, java.lang.Object, int)'> (0x0000000706460478) 
thrown [s\open\src\hotspot\share\interpreter\linkResolver.cpp, line 774]
Event: 71.618 Thread 0x00000200135d4bc0 Exception <a 'java/lang/NoSuchMethodError'{0x00000007063492f0}: 'java.lang.Object java.lang.invoke.DirectMethodHandle$Holder.invokeSpecial(java.lang.Object, java.lang.Object, java.lang.Object, java.lang.Object, java.lang.Object, long)'> (0x00000007063492f0) 
thrown [s\open\src\hotspot\share\interpreter\linkResolver.cpp, line 774]
Event: 71.618 Thread 0x00000200135d4bc0 Exception <a 'java/lang/NoSuchMethodError'{0x000000070634cd40}: 'java.lang.Object java.lang.invoke.Invokers$Holder.linkToTargetMethod(java.lang.Object, java.lang.Object, java.lang.Object, long, java.lang.Object)'> (0x000000070634cd40) 
thrown [s\open\src\hotspot\share\interpreter\linkResolver.cpp, line 774]

VM Operations (20 events):
Event: 2.666 Executing VM operation: HandshakeAllThreads done
Event: 2.697 Executing VM operation: HandshakeAllThreads
Event: 2.697 Executing VM operation: HandshakeAllThreads done
Event: 2.726 Executing VM operation: HandshakeAllThreads
Event: 2.726 Executing VM operation: HandshakeAllThreads done
Event: 2.744 Executing VM operation: HandshakeAllThreads
Event: 2.744 Executing VM operation: HandshakeAllThreads done
Event: 3.749 Executing VM operation: Cleanup
Event: 3.749 Executing VM operation: Cleanup done
Event: 12.804 Executing VM operation: Cleanup
Event: 12.804 Executing VM operation: Cleanup done
Event: 29.928 Executing VM operation: Cleanup
Event: 29.928 Executing VM operation: Cleanup done
Event: 71.632 Executing VM operation: HandshakeAllThreads
Event: 71.632 Executing VM operation: HandshakeAllThreads done
Event: 71.632 Executing VM operation: Cleanup
Event: 71.632 Executing VM operation: Cleanup done
Event: 71.638 Executing VM operation: HandshakeAllThreads
Event: 71.638 Executing VM operation: HandshakeAllThreads done
Event: 71.715 Executing VM operation: G1CollectForAllocation

Events (20 events):
Event: 2.397 Thread 0x00000200135d4120 Thread added: 0x00000200135d4120
Event: 2.399 Thread 0x00000200135d2be0 Thread added: 0x00000200135d2be0
Event: 2.403 Thread 0x00000200135d4670 Thread added: 0x00000200135d4670
Event: 2.914 Thread 0x00000200135d4bc0 Thread added: 0x00000200135d4bc0
Event: 2.914 Thread 0x00000200135d3130 Thread added: 0x00000200135d3130
Event: 2.914 Thread 0x00000200135d3680 Thread added: 0x00000200135d3680
Event: 2.914 Thread 0x0000020015e9bd00 Thread added: 0x0000020015e9bd00
Event: 2.914 Thread 0x0000020015e997d0 Thread added: 0x0000020015e997d0
Event: 2.914 Thread 0x0000020015e9ad10 Thread added: 0x0000020015e9ad10
Event: 2.914 Thread 0x0000020015e96800 Thread added: 0x0000020015e96800
Event: 2.914 Thread 0x0000020015e9c250 Thread added: 0x0000020015e9c250
Event: 2.914 Thread 0x0000020015e99d20 Thread added: 0x0000020015e99d20
Event: 2.914 Thread 0x0000020015e94d70 Thread added: 0x0000020015e94d70
Event: 2.924 Thread 0x0000020015e99280 Thread added: 0x0000020015e99280
Event: 2.926 Thread 0x0000020015e952c0 Thread added: 0x0000020015e952c0
Event: 2.942 Thread 0x000002006bff1c70 Thread exited: 0x000002006bff1c70
Event: 2.942 Thread 0x0000020015e96d50 Thread added: 0x0000020015e96d50
Event: 7.931 Thread 0x0000020013733fc0 Thread exited: 0x0000020013733fc0
Event: 7.931 Thread 0x0000020014626260 Thread exited: 0x0000020014626260
Event: 71.688 Thread 0x0000020014626260 Thread added: 0x0000020014626260


Dynamic libraries:
0x00007ff7eff80000 - 0x00007ff7eff90000 	C:\Program Files\Java\jdk-19.0.2\bin\java.exe
0x00007ffee5510000 - 0x00007ffee5724000 	C:\WINDOWS\SYSTEM32\ntdll.dll
0x00007ffee52a0000 - 0x00007ffee5363000 	C:\WINDOWS\System32\KERNEL32.DLL
0x00007ffee2de0000 - 0x00007ffee317c000 	C:\WINDOWS\System32\KERNELBASE.dll
0x00007ffee2cc0000 - 0x00007ffee2dd1000 	C:\WINDOWS\System32\ucrtbase.dll
0x00007ffeb60f0000 - 0x00007ffeb610b000 	C:\Program Files\Java\jdk-19.0.2\bin\VCRUNTIME140.dll
0x00007ffeb7a20000 - 0x00007ffeb7a38000 	C:\Program Files\Java\jdk-19.0.2\bin\jli.dll
0x00007ffee34d0000 - 0x00007ffee357e000 	C:\WINDOWS\System32\ADVAPI32.dll
0x00007ffee3bc0000 - 0x00007ffee3c67000 	C:\WINDOWS\System32\msvcrt.dll
0x00007ffee3e20000 - 0x00007ffee3ec4000 	C:\WINDOWS\System32\sechost.dll
0x00007ffee3ee0000 - 0x00007ffee3ff5000 	C:\WINDOWS\System32\RPCRT4.dll
0x00007ffee3c70000 - 0x00007ffee3e1d000 	C:\WINDOWS\System32\USER32.dll
0x00007ffee32f0000 - 0x00007ffee3316000 	C:\WINDOWS\System32\win32u.dll
0x00007ffee4820000 - 0x00007ffee4849000 	C:\WINDOWS\System32\GDI32.dll
0x00007ffee2a80000 - 0x00007ffee2b92000 	C:\WINDOWS\System32\gdi32full.dll
0x00007ffee2c20000 - 0x00007ffee2cba000 	C:\WINDOWS\System32\msvcp_win.dll
0x00007ffeb6d90000 - 0x00007ffeb701e000 	C:\WINDOWS\WinSxS\amd64_microsoft.windows.common-controls_6595b64144ccf1df_6.0.22621.608_none_a9444ca7c10bb01d\COMCTL32.dll
0x00007ffed6dc0000 - 0x00007ffed6dca000 	C:\WINDOWS\SYSTEM32\VERSION.dll
0x00007ffee3af0000 - 0x00007ffee3b22000 	C:\WINDOWS\System32\IMM32.DLL
0x00007ffec7150000 - 0x00007ffec715c000 	C:\Program Files\Java\jdk-19.0.2\bin\vcruntime140_1.dll
0x00007ffeb54c0000 - 0x00007ffeb554e000 	C:\Program Files\Java\jdk-19.0.2\bin\msvcp140.dll
0x00007ffe7f600000 - 0x00007ffe802c0000 	C:\Program Files\Java\jdk-19.0.2\bin\server\jvm.dll
0x00007ffedd840000 - 0x00007ffedd849000 	C:\WINDOWS\SYSTEM32\WSOCK32.dll
0x00007ffed8320000 - 0x00007ffed8354000 	C:\WINDOWS\SYSTEM32\WINMM.dll
0x00007ffee3b40000 - 0x00007ffee3bb1000 	C:\WINDOWS\System32\WS2_32.dll
0x00007ffee19a0000 - 0x00007ffee19b8000 	C:\WINDOWS\SYSTEM32\kernel.appcore.dll
0x00007ffec59f0000 - 0x00007ffec59fa000 	C:\Program Files\Java\jdk-19.0.2\bin\jimage.dll
0x00007ffee0410000 - 0x00007ffee063e000 	C:\WINDOWS\SYSTEM32\DBGHELP.DLL
0x00007ffee4490000 - 0x00007ffee481a000 	C:\WINDOWS\System32\combase.dll
0x00007ffee49b0000 - 0x00007ffee4a87000 	C:\WINDOWS\System32\OLEAUT32.dll
0x00007ffec8760000 - 0x00007ffec8792000 	C:\WINDOWS\SYSTEM32\dbgcore.DLL
0x00007ffee2ba0000 - 0x00007ffee2c1b000 	C:\WINDOWS\System32\bcryptPrimitives.dll
0x00007ffedd310000 - 0x00007ffedd31e000 	C:\Program Files\Java\jdk-19.0.2\bin\instrument.dll
0x00007ffeb5350000 - 0x00007ffeb5376000 	C:\Program Files\Java\jdk-19.0.2\bin\java.dll
0x00007ffe9a800000 - 0x00007ffe9a8d7000 	C:\Program Files\Java\jdk-19.0.2\bin\jsvml.dll
0x00007ffee4a90000 - 0x00007ffee527f000 	C:\WINDOWS\System32\SHELL32.dll
0x00007ffee0970000 - 0x00007ffee1238000 	C:\WINDOWS\SYSTEM32\windows.storage.dll
0x00007ffee0830000 - 0x00007ffee096e000 	C:\WINDOWS\SYSTEM32\wintypes.dll
0x00007ffee5370000 - 0x00007ffee5461000 	C:\WINDOWS\System32\SHCORE.dll
0x00007ffee4950000 - 0x00007ffee49ae000 	C:\WINDOWS\System32\shlwapi.dll
0x00007ffee2880000 - 0x00007ffee28a1000 	C:\WINDOWS\SYSTEM32\profapi.dll
0x00007ffeb5310000 - 0x00007ffeb5328000 	C:\Program Files\Java\jdk-19.0.2\bin\zip.dll
0x00007ffeb56b0000 - 0x00007ffeb56c3000 	C:\Program Files\Java\jdk-19.0.2\bin\net.dll
0x00007ffedc890000 - 0x00007ffedc9bf000 	C:\WINDOWS\SYSTEM32\WINHTTP.dll
0x00007ffee1f00000 - 0x00007ffee1f69000 	C:\WINDOWS\system32\mswsock.dll
0x00007ffeb5330000 - 0x00007ffeb5346000 	C:\Program Files\Java\jdk-19.0.2\bin\nio.dll
0x00007ffec7630000 - 0x00007ffec764a000 	C:\Program Files\JetBrains\IntelliJ IDEA Community Edition 2022.3.1\bin\breakgen64.dll
0x00007ffec52e0000 - 0x00007ffec52e8000 	C:\Program Files\Java\jdk-19.0.2\bin\extnet.dll
0x00007ffee2150000 - 0x00007ffee216b000 	C:\WINDOWS\SYSTEM32\CRYPTSP.dll
0x00007ffee1910000 - 0x00007ffee1945000 	C:\WINDOWS\system32\rsaenh.dll
0x00007ffee1ff0000 - 0x00007ffee2018000 	C:\WINDOWS\SYSTEM32\USERENV.dll
0x00007ffee2310000 - 0x00007ffee2338000 	C:\WINDOWS\SYSTEM32\bcrypt.dll
0x00007ffee2170000 - 0x00007ffee217c000 	C:\WINDOWS\SYSTEM32\CRYPTBASE.dll
0x00007ffee1490000 - 0x00007ffee14bd000 	C:\WINDOWS\SYSTEM32\IPHLPAPI.DLL
0x00007ffee4000000 - 0x00007ffee4009000 	C:\WINDOWS\System32\NSI.dll
0x00007ffedc480000 - 0x00007ffedc499000 	C:\WINDOWS\SYSTEM32\dhcpcsvc6.DLL
0x00007ffedc350000 - 0x00007ffedc36f000 	C:\WINDOWS\SYSTEM32\dhcpcsvc.DLL
0x00007ffee1500000 - 0x00007ffee15f3000 	C:\WINDOWS\SYSTEM32\DNSAPI.dll
0x00007ffedc580000 - 0x00007ffedc58e000 	C:\Program Files\Java\jdk-19.0.2\bin\sunmscapi.dll
0x00007ffee3180000 - 0x00007ffee32e6000 	C:\WINDOWS\System32\CRYPT32.dll
0x00007ffee22e0000 - 0x00007ffee230d000 	C:\WINDOWS\SYSTEM32\ncrypt.dll
0x00007ffee22a0000 - 0x00007ffee22d7000 	C:\WINDOWS\SYSTEM32\NTASN1.dll
0x00007ffed8c30000 - 0x00007ffed8c3a000 	C:\Program Files\Java\jdk-19.0.2\bin\management.dll
0x00007ffeb54b0000 - 0x00007ffeb54bb000 	C:\Program Files\Java\jdk-19.0.2\bin\management_ext.dll
0x00007ffee3b30000 - 0x00007ffee3b38000 	C:\WINDOWS\System32\PSAPI.DLL
0x00007ffec7940000 - 0x00007ffec7948000 	C:\WINDOWS\system32\wshunix.dll

dbghelp: loaded successfully - version: 4.0.5 - missing functions: none
symbol engine: initialized successfully - sym options: 0x614 - pdb path: .;C:\Program Files\Java\jdk-19.0.2\bin;C:\WINDOWS\SYSTEM32;C:\WINDOWS\WinSxS\amd64_microsoft.windows.common-controls_6595b64144ccf1df_6.0.22621.608_none_a9444ca7c10bb01d;C:\Program Files\Java\jdk-19.0.2\bin\server;C:\Program Files\JetBrains\IntelliJ IDEA Community Edition 2022.3.1\bin

VM Arguments:
jvm_args: -javaagent:C:\Program Files\JetBrains\IntelliJ IDEA Community Edition 2022.3.1\lib\idea_rt.jar=50794:C:\Program Files\JetBrains\IntelliJ IDEA Community Edition 2022.3.1\bin -Dfile.encoding=UTF-8 -Dsun.stdout.encoding=UTF-8 -Dsun.stderr.encoding=UTF-8 
java_command: com.learn.kafka.LibraryEventProducerApplication
java_class_path (initial): D:\SpringWithKafka\library_event_producer\target\classes;C:\Users\jpava\.m2\repository\org\springframework\boot\spring-boot-starter-web\3.0.5\spring-boot-starter-web-3.0.5.jar;C:\Users\jpava\.m2\repository\org\springframework\boot\spring-boot-starter\3.0.5\spring-boot-starter-3.0.5.jar;C:\Users\jpava\.m2\repository\org\springframework\boot\spring-boot\3.0.5\spring-boot-3.0.5.jar;C:\Users\jpava\.m2\repository\org\springframework\boot\spring-boot-autoconfigure\3.0.5\spring-boot-autoconfigure-3.0.5.jar;C:\Users\jpava\.m2\repository\org\springframework\boot\spring-boot-starter-logging\3.0.5\spring-boot-starter-logging-3.0.5.jar;C:\Users\jpava\.m2\repository\ch\qos\logback\logback-classic\1.4.6\logback-classic-1.4.6.jar;C:\Users\jpava\.m2\repository\ch\qos\logback\logback-core\1.4.6\logback-core-1.4.6.jar;C:\Users\jpava\.m2\repository\org\apache\logging\log4j\log4j-to-slf4j\2.19.0\log4j-to-slf4j-2.19.0.jar;C:\Users\jpava\.m2\repository\org\apache\logging\log4j\log4j-api\2.19.0\log4j-api-2.19.0.jar;C:\Users\jpava\.m2\repository\org\slf4j\jul-to-slf4j\2.0.7\jul-to-slf4j-2.0.7.jar;C:\Users\jpava\.m2\repository\jakarta\annotation\jakarta.annotation-api\2.1.1\jakarta.annotation-api-2.1.1.jar;C:\Users\jpava\.m2\repository\org\yaml\snakeyaml\1.33\snakeyaml-1.33.jar;C:\Users\jpava\.m2\repository\org\springframework\boot\spring-boot-starter-json\3.0.5\spring-boot-starter-json-3.0.5.jar;C:\Users\jpava\.m2\repository\com\fasterxml\jackson\core\jackson-databind\2.14.2\jackson-databind-2.14.2.jar;C:\Users\jpava\.m2\repository\com\fasterxml\jackson\core\jackson-annotations\2.14.2\jackson-annotations-2.14.2.jar;C:\Users\jpava\.m2\repository\com\fasterxml\jackson\core\jackson-core\2.14.2\jackson-core-2.14.2.jar;C:\Users\jpava\.m2\repository\com\fasterxml\jackson\datatype\jackson-datatype-jdk8\2.14.2\jackson-datatype-jdk8-2.14.2.jar;C:\Users\jpava\.m2\repository\com\fasterxml\jackson\datatype\jackson-datatype-jsr310\2.14.2\jackson-datatype-jsr310-2.14.2.jar;C:\Users\jpava\.m2\repository\com\fasterxml\jackson\module\jackson-module-parameter-names\2.14.2\jackson-module-parameter-names-2.14.2.jar;C:\Users\jpava\.m2\repository\org\springframework\boot\spring-boot-starter-tomcat\3.0.5\spring-boot-starter-tomcat-3.0.5.jar;C:\Users\jpava\.m2\repository\org\apache\tomcat\embed\tomcat-embed-core\10.1.7\tomcat-embed-core-10.1.7.jar;C:\Users\jpava\.m2\repository\org\apache\tomcat\embed\tomcat-embed-el\10.1.7\tomcat-embed-el-10.1.7.jar;C:\Users\jpava\.m2\repository\org\apache\tomcat\embed\tomcat-embed-websocket\10.1.7\tomcat-embed-websocket-10.1.7.jar;C:\Users\jpava\.m2\repository\org\springframework\spring-web\6.0.7\spring-web-6.0.7.jar;C:\Users\jpava\.m2\repository\org\springframework\spring-beans\6.0.7\spring-beans-6.0.7.jar;C:\Users\jpava\.m2\repository\org\springframework\spring-webmvc\6.0.7\spring-webmvc-6.0.7.jar;C:\Users\jpava\.m2\repository\org\springframework\spring-aop\6.0.7\spring-aop-6.0.7.jar;C:\Users\jpava\.m2\repository\org\springframework\spring-expression\6.0.7\spring-expression-6.0.7.jar;C:\Users\jpava\.m2\repository\org\springframework\kafka\spring-kafka\3.0.5\spring-kafka-3.0.5.jar;C:\Users\jpava\.m2\repository\org\springframework\spring-context\6.0.7\spring-context-6.0.7.jar;C:\Users\jpava\.m2\repository\org\springframework\spring-messaging\6.0.7\spring-messaging-6.0.7.jar;C:\Users\jpava\.m2\repository\org\springframework\spring-tx\6.0.7\spring-tx-6.0.7.jar;C:\Users\jpava\.m2\repository\org\springframework\retry\spring-retry\2.0.1\spring-retry-2.0.1.jar;C:\Users\jpava\.m2\repository\org\apache\kafka\kafka-clients\3.3.2\kafka-clients-3.3.2.jar;C:\Users\jpava\.m2\repository\com\github\luben\zstd-jni\1.5.2-1\zstd-jni-1.5.2-1.jar;C:\Users\jpava\.m2\repository\org\lz4\lz4-java\1.8.0\lz4-java-1.8.0.jar;C:\Users\jpava\.m2\repository\org\xerial\snappy\snappy-java\1.1.8.4\snappy-java-1.1.8.4.jar;C:\Users\jpava\.m2\repository\org\slf4j\slf4j-api\2.0.7\slf4j-api-2.0.7.jar;C:\Users\jpava\.m2\repository\io\micrometer\micrometer-observation\1.10.5\micrometer-observation-1.10.5.jar;C:\Users\jpava\.m2\repository\io\micrometer\micrometer-commons\1.10.5\micrometer-commons-1.10.5.jar;C:\Users\jpava\.m2\repository\com\google\code\findbugs\jsr305\3.0.2\jsr305-3.0.2.jar;C:\Users\jpava\.m2\repository\org\projectlombok\lombok\1.18.26\lombok-1.18.26.jar;C:\Users\jpava\.m2\repository\org\springframework\spring-core\6.0.7\spring-core-6.0.7.jar;C:\Users\jpava\.m2\repository\org\springframework\spring-jcl\6.0.7\spring-jcl-6.0.7.jar
Launcher Type: SUN_STANDARD

[Global flags]
     intx CICompilerCount                          = 4                                         {product} {ergonomic}
     uint ConcGCThreads                            = 2                                         {product} {ergonomic}
     uint G1ConcRefinementThreads                  = 8                                         {product} {ergonomic}
   size_t G1HeapRegionSize                         = 2097152                                   {product} {ergonomic}
    uintx GCDrainStackTargetSize                   = 64                                        {product} {ergonomic}
   size_t InitialHeapSize                          = 264241152                                 {product} {ergonomic}
   size_t MarkStackSize                            = 4194304                                   {product} {ergonomic}
   size_t MaxHeapSize                              = 4225761280                                {product} {ergonomic}
   size_t MaxNewSize                               = 2535456768                                {product} {ergonomic}
   size_t MinHeapDeltaBytes                        = 2097152                                   {product} {ergonomic}
   size_t MinHeapSize                              = 8388608                                   {product} {ergonomic}
    uintx NonNMethodCodeHeapSize                   = 5839372                                {pd product} {ergonomic}
    uintx NonProfiledCodeHeapSize                  = 122909434                              {pd product} {ergonomic}
    uintx ProfiledCodeHeapSize                     = 122909434                              {pd product} {ergonomic}
    uintx ReservedCodeCacheSize                    = 251658240                              {pd product} {ergonomic}
     bool SegmentedCodeCache                       = true                                      {product} {ergonomic}
   size_t SoftMaxHeapSize                          = 4225761280                             {manageable} {ergonomic}
     bool UseCompressedClassPointers               = true                           {product lp64_product} {ergonomic}
     bool UseCompressedOops                        = true                           {product lp64_product} {ergonomic}
     bool UseG1GC                                  = true                                      {product} {ergonomic}
     bool UseLargePagesIndividualAllocation        = false                                  {pd product} {ergonomic}

Logging:
Log output configuration:
 #0: stdout all=warning uptime,level,tags foldmultilines=false
 #1: stderr all=off uptime,level,tags foldmultilines=false

Environment Variables:
JAVA_HOME=C:\Program Files\Java\jdk-17.0.6
PATH=C:\Program Files\Common Files\Oracle\Java\javapath;C:\WINDOWS\system32;C:\WINDOWS;C:\WINDOWS\System32\Wbem;C:\WINDOWS\System32\WindowsPowerShell\v1.0\;C:\WINDOWS\System32\OpenSSH\;C:\Program Files\Microsoft SQL Server\Client SDK\ODBC\170\Tools\Binn\;C:\Program Files (x86)\Microsoft SQL Server\150\Tools\Binn\;C:\Program Files\Microsoft SQL Server\150\Tools\Binn\;C:\Program Files\Microsoft SQL Server\150\DTS\Binn\;C:\Program Files\Git\cmd;C:\Users\jpava\AppData\Local\Microsoft\WindowsApps;C:\Program Files\Java\jdk-17.0.6\bin;C:\Program Files\apache-maven-3.9.0\bin;C:\Program Files\Git\bin;C:\Program Files\MongoDB\Server\6.0\bin;
USERNAME=jpava
OS=Windows_NT
PROCESSOR_IDENTIFIER=Intel64 Family 6 Model 140 Stepping 1, GenuineIntel
TMP=C:\Users\jpava\AppData\Local\Temp
TEMP=C:\Users\jpava\AppData\Local\Temp



---------------  S Y S T E M  ---------------

OS:
 Windows 11 , 64 bit Build 22621 (10.0.22621.1194)
OS uptime: 10 days 21:38 hours

CPU: total 8 (initial active 8) (4 cores per cpu, 2 threads per core) family 6 model 140 stepping 1 microcode 0xa6, cx8, cmov, fxsr, ht, mmx, 3dnowpref, sse, sse2, sse3, ssse3, sse4.1, sse4.2, popcnt, lzcnt, tsc, tscinvbit, avx, avx2, aes, erms, clmul, bmi1, bmi2, adx, avx512f, avx512dq, avx512cd, avx512bw, avx512vl, sha, fma, vzeroupper, avx512_vpopcntdq, avx512_vpclmulqdq, avx512_vaes, avx512_vnni, clflush, clflushopt, clwb, avx512_vbmi2, avx512_vbmi, rdtscp, rdpid, fsrm, gfni, avx512_bitalg

Memory: 4k page, system-wide physical 16112M (4239M free)
TotalPageFile size 18274M (AvailPageFile size 92M)
current process WorkingSet (physical memory assigned to process): 146M, peak: 173M
current process commit charge ("private bytes"): 194M, peak: 420M

vm_info: Java HotSpot(TM) 64-Bit Server VM (19.0.2+7-44) for windows-amd64 JRE (19.0.2+7-44), built on 2022-11-30T18:02:09Z by "mach5one" with MS VC++ 17.1 (VS2022)

END.
